Position Allocation Research — 6 experiments × 6 workers
Loading sp500 data...
Loaded 284 tickers in 1s
Launching parallel experiments...

  ✓ [1] 6-strat, max_pos=10 (contention) done in 118s — Sharpe=-0.085
  ✓ [0] BASELINE: MR+TF+OG, max_pos=10 done in 255s — Sharpe=+0.868
  ✓ [5] CONTROL: MR+TF+OG, max_pos=15 done in 260s — Sharpe=+0.983
  ✓ [2] 6-strat, max_pos=15 done in 378s — Sharpe=-0.121
  ✓ [3] 6-strat, max_pos=20 done in 465s — Sharpe=+0.313
  ✓ [4] 6-strat, max_pos=25 done in 468s — Sharpe=+0.313

All experiments done in 472s wall-clock

[0] BASELINE: MR+TF+OG, max_pos=10
  Sharpe=+0.868  CAGR=+11.7%  DD=5.3%  PF=1.66  WR=58.9%  Trades=270  PnL=$+985  [255s]
    mean_reversion             108t  PnL=$ +259.90  WR=63.0%
    opening_gap                  6t  PnL=$  +40.77  WR=83.3%
    trend_following            156t  PnL=$ +684.80  WR=55.1%

[1] 6-strat, max_pos=10 (contention)
  Sharpe=-0.085  CAGR=+3.1%  DD=14.4%  PF=1.17  WR=52.2%  Trades=464  PnL=$+559  [118s]
    mean_reversion              17t  PnL=$  +39.28  WR=64.7%
    momentum_breakout          430t  PnL=$ +492.87  WR=52.1%
    sector_rotation             11t  PnL=$  -57.72  WR=18.2%
    trend_following              6t  PnL=$  +84.74  WR=83.3%

[2] 6-strat, max_pos=15
  Sharpe=-0.121  CAGR=+2.3%  DD=16.8%  PF=1.14  WR=51.8%  Trades=620  PnL=$+539  [378s]
    mean_reversion              24t  PnL=$  +74.46  WR=70.8%
    momentum_breakout          560t  PnL=$ +405.52  WR=51.4%
    sector_rotation             21t  PnL=$  -16.10  WR=28.6%
    short_term_mr                6t  PnL=$  -26.48  WR=33.3%
    trend_following              9t  PnL=$ +101.82  WR=88.9%

[3] 6-strat, max_pos=20
  Sharpe=+0.313  CAGR=+8.5%  DD=12.9%  PF=1.27  WR=52.4%  Trades=622  PnL=$+974  [465s]
    mean_reversion              26t  PnL=$  +77.22  WR=57.7%
    momentum_breakout          557t  PnL=$ +813.95  WR=52.6%
    sector_rotation             25t  PnL=$  -32.85  WR=28.0%
    short_term_mr                7t  PnL=$  +22.88  WR=71.4%
    trend_following              7t  PnL=$  +92.42  WR=85.7%

[4] 6-strat, max_pos=25
  Sharpe=+0.313  CAGR=+8.5%  DD=12.9%  PF=1.27  WR=52.4%  Trades=622  PnL=$+974  [468s]
    mean_reversion              26t  PnL=$  +77.22  WR=57.7%
    momentum_breakout          557t  PnL=$ +813.95  WR=52.6%
    sector_rotation             25t  PnL=$  -32.85  WR=28.0%
    short_term_mr                7t  PnL=$  +22.88  WR=71.4%
    trend_following              7t  PnL=$  +92.42  WR=85.7%

[5] CONTROL: MR+TF+OG, max_pos=15
  Sharpe=+0.983  CAGR=+13.3%  DD=5.5%  PF=1.68  WR=59.2%  Trades=299  PnL=$+1131  [260s]
    mean_reversion             120t  PnL=$ +279.45  WR=61.7%
    opening_gap                  7t  PnL=$  +69.15  WR=85.7%
    trend_following            172t  PnL=$ +782.12  WR=56.4%

==================================================================================================================================
RESULTS COMPARISON
==================================================================================================================================
Experiment                               MaxP  Sharpe   CAGR%    DD%    PF   WR% Trades      PnL Edge?
----------------------------------------------------------------------------------------------------------------------------------
BASELINE: MR+TF+OG, max_pos=10             10  +0.868   +11.7    5.3  1.66  58.9    270 $   +985     ✓
6-strat, max_pos=10 (contention)           10  -0.085    +3.1   14.4  1.17  52.2    464 $   +559     ✗
6-strat, max_pos=15                        15  -0.121    +2.3   16.8  1.14  51.8    620 $   +539     ✗
6-strat, max_pos=20                        20  +0.313    +8.5   12.9  1.27  52.4    622 $   +974     ✓
6-strat, max_pos=25                        25  +0.313    +8.5   12.9  1.27  52.4    622 $   +974     ✓
CONTROL: MR+TF+OG, max_pos=15              15  +0.983   +13.3    5.5  1.68  59.2    299 $  +1131     ✓
==================================================================================================================================

DELTA vs BASELINE:
Experiment                                ΔSharpe   ΔCAGR    ΔDD  ΔTrades     ΔPnL
--------------------------------------------------------------------------------
6-strat, max_pos=10 (contention)           -0.953    -8.6   +9.1     +194 $   -426
6-strat, max_pos=15                        -0.989    -9.3  +11.5     +350 $   -446
6-strat, max_pos=20                        -0.555    -3.2   +7.6     +352 $    -12
6-strat, max_pos=25                        -0.555    -3.2   +7.6     +352 $    -12
CONTROL: MR+TF+OG, max_pos=15              +0.115    +1.6   +0.2      +29 $   +145

PERFORMANCE: 1945s sequential → 472s parallel (4.1× speedup, 6 workers)

Saved to: /root/atlas/research/experiments/position_allocation_research.json
